03-May-2023 13:59:07.105 INFORMATION [main] org.apache.catalina.startup.VersionLoggerListener.log Server Version:        Apache Tomcat/9.0.74
03-May-2023 13:59:07.111 INFORMATION [main] org.apache.catalina.startup.VersionLoggerListener.log Server built:          Apr 13 2023 08:10:39 UTC
03-May-2023 13:59:07.111 INFORMATION [main] org.apache.catalina.startup.VersionLoggerListener.log Server version number: 9.0.74.0
03-May-2023 13:59:07.111 INFORMATION [main] org.apache.catalina.startup.VersionLoggerListener.log OS Name:               Windows 11
03-May-2023 13:59:07.111 INFORMATION [main] org.apache.catalina.startup.VersionLoggerListener.log OS Version:            10.0
03-May-2023 13:59:07.111 INFORMATION [main] org.apache.catalina.startup.VersionLoggerListener.log Architektur:           amd64
03-May-2023 13:59:07.111 INFORMATION [main] org.apache.catalina.startup.VersionLoggerListener.log Java Home:             C:\Workshop_03052023\10_tomcat\jdk-20_windows-x64_bin\jdk-20.0.1
03-May-2023 13:59:07.111 INFORMATION [main] org.apache.catalina.startup.VersionLoggerListener.log JVM Version:           20.0.1+9-29
03-May-2023 13:59:07.111 INFORMATION [main] org.apache.catalina.startup.VersionLoggerListener.log JVM Hersteller:        Oracle Corporation
03-May-2023 13:59:07.111 INFORMATION [main] org.apache.catalina.startup.VersionLoggerListener.log CATALINA_BASE:         C:\Workshop_03052023\10_tomcat\apache-tomcat-9.0.74\apache-tomcat-9.0.74
03-May-2023 13:59:07.111 INFORMATION [main] org.apache.catalina.startup.VersionLoggerListener.log CATALINA_HOME:         C:\Workshop_03052023\10_tomcat\apache-tomcat-9.0.74\apache-tomcat-9.0.74
03-May-2023 13:59:07.124 INFORMATION [main] org.apache.catalina.startup.VersionLoggerListener.log Command line argument: --add-opens=java.base/java.lang=ALL-UNNAMED
03-May-2023 13:59:07.126 INFORMATION [main] org.apache.catalina.startup.VersionLoggerListener.log Command line argument: --add-opens=java.base/java.io=ALL-UNNAMED
03-May-2023 13:59:07.128 INFORMATION [main] org.apache.catalina.startup.VersionLoggerListener.log Command line argument: --add-opens=java.base/java.util=ALL-UNNAMED
03-May-2023 13:59:07.128 INFORMATION [main] org.apache.catalina.startup.VersionLoggerListener.log Command line argument: --add-opens=java.base/java.util.concurrent=ALL-UNNAMED
03-May-2023 13:59:07.128 INFORMATION [main] org.apache.catalina.startup.VersionLoggerListener.log Command line argument: --add-opens=java.rmi/sun.rmi.transport=ALL-UNNAMED
03-May-2023 13:59:07.129 INFORMATION [main] org.apache.catalina.startup.VersionLoggerListener.log Command line argument: -Djava.util.logging.config.file=C:\Workshop_03052023\10_tomcat\apache-tomcat-9.0.74\apache-tomcat-9.0.74\conf\logging.properties
03-May-2023 13:59:07.129 INFORMATION [main] org.apache.catalina.startup.VersionLoggerListener.log Command line argument: -Djava.util.logging.manager=org.apache.juli.ClassLoaderLogManager
03-May-2023 13:59:07.129 INFORMATION [main] org.apache.catalina.startup.VersionLoggerListener.log Command line argument: -Djdk.tls.ephemeralDHKeySize=2048
03-May-2023 13:59:07.129 INFORMATION [main] org.apache.catalina.startup.VersionLoggerListener.log Command line argument: -Djava.protocol.handler.pkgs=org.apache.catalina.webresources
03-May-2023 13:59:07.129 INFORMATION [main] org.apache.catalina.startup.VersionLoggerListener.log Command line argument: -Dignore.endorsed.dirs=
03-May-2023 13:59:07.129 INFORMATION [main] org.apache.catalina.startup.VersionLoggerListener.log Command line argument: -Dcatalina.base=C:\Workshop_03052023\10_tomcat\apache-tomcat-9.0.74\apache-tomcat-9.0.74
03-May-2023 13:59:07.129 INFORMATION [main] org.apache.catalina.startup.VersionLoggerListener.log Command line argument: -Dcatalina.home=C:\Workshop_03052023\10_tomcat\apache-tomcat-9.0.74\apache-tomcat-9.0.74
03-May-2023 13:59:07.129 INFORMATION [main] org.apache.catalina.startup.VersionLoggerListener.log Command line argument: -Djava.io.tmpdir=C:\Workshop_03052023\10_tomcat\apache-tomcat-9.0.74\apache-tomcat-9.0.74\temp
03-May-2023 13:59:07.129 INFORMATION [main] org.apache.catalina.core.AprLifecycleListener.lifecycleEvent The Apache Tomcat Native library which allows using OpenSSL was not found on the java.library.path: [C:\Workshop_03052023\10_tomcat\jdk-20_windows-x64_bin\jdk-20.0.1\bin;C:\WINDOWS\Sun\Java\bin;C:\WINDOWS\system32;C:\WINDOWS;C:\Program Files (x86)\Common Files\Oracle\Java\javapath;C:\WINDOWS\system32;C:\WINDOWS;C:\WINDOWS\System32\Wbem;C:\WINDOWS\System32\WindowsPowerShell\v1.0\;C:\WINDOWS\System32\OpenSSH\;c:\Program Files\Git\cmd;C:\Users\Max.Leidinger1\AppData\Local\Microsoft\WindowsApps;;C:\Users\Max.Leidinger1\AppData\Local\Programs\Microsoft VS Code\bin;.]
03-May-2023 13:59:07.404 INFORMATION [main] org.apache.coyote.AbstractProtocol.init Initialisiere ProtocolHandler["http-nio-8080"]
03-May-2023 13:59:07.422 INFORMATION [main] org.apache.catalina.startup.Catalina.load Server initialization in [516] milliseconds
03-May-2023 13:59:07.467 INFORMATION [main] org.apache.catalina.core.StandardService.startInternal Starting service [Catalina]
03-May-2023 13:59:07.467 INFORMATION [main] org.apache.catalina.core.StandardEngine.startInternal Starting Servlet engine: [Apache Tomcat/9.0.74]
03-May-2023 13:59:07.473 INFORMATION [main] org.apache.catalina.startup.HostConfig.deployDirectory Deploye Web-Applikations-Verzeichnis [C:\Workshop_03052023\10_tomcat\apache-tomcat-9.0.74\apache-tomcat-9.0.74\webapps\docs]
03-May-2023 13:59:07.842 INFORMATION [main] org.apache.catalina.startup.HostConfig.deployDirectory Deployment of web application directory [C:\Workshop_03052023\10_tomcat\apache-tomcat-9.0.74\apache-tomcat-9.0.74\webapps\docs] has finished in [348] ms
03-May-2023 13:59:07.844 INFORMATION [main] org.apache.catalina.startup.HostConfig.deployDirectory Deploye Web-Applikations-Verzeichnis [C:\Workshop_03052023\10_tomcat\apache-tomcat-9.0.74\apache-tomcat-9.0.74\webapps\examples]
03-May-2023 13:59:08.350 INFORMATION [main] org.apache.catalina.startup.HostConfig.deployDirectory Deployment of web application directory [C:\Workshop_03052023\10_tomcat\apache-tomcat-9.0.74\apache-tomcat-9.0.74\webapps\examples] has finished in [508] ms
03-May-2023 13:59:08.350 INFORMATION [main] org.apache.catalina.startup.HostConfig.deployDirectory Deploye Web-Applikations-Verzeichnis [C:\Workshop_03052023\10_tomcat\apache-tomcat-9.0.74\apache-tomcat-9.0.74\webapps\host-manager]
03-May-2023 13:59:08.388 INFORMATION [main] org.apache.catalina.startup.HostConfig.deployDirectory Deployment of web application directory [C:\Workshop_03052023\10_tomcat\apache-tomcat-9.0.74\apache-tomcat-9.0.74\webapps\host-manager] has finished in [38] ms
03-May-2023 13:59:08.388 INFORMATION [main] org.apache.catalina.startup.HostConfig.deployDirectory Deploye Web-Applikations-Verzeichnis [C:\Workshop_03052023\10_tomcat\apache-tomcat-9.0.74\apache-tomcat-9.0.74\webapps\manager]
03-May-2023 13:59:08.436 INFORMATION [main] org.apache.catalina.startup.HostConfig.deployDirectory Deployment of web application directory [C:\Workshop_03052023\10_tomcat\apache-tomcat-9.0.74\apache-tomcat-9.0.74\webapps\manager] has finished in [48] ms
03-May-2023 13:59:08.436 INFORMATION [main] org.apache.catalina.startup.HostConfig.deployDirectory Deploye Web-Applikations-Verzeichnis [C:\Workshop_03052023\10_tomcat\apache-tomcat-9.0.74\apache-tomcat-9.0.74\webapps\ROOT]
03-May-2023 13:59:08.464 INFORMATION [main] org.apache.catalina.startup.HostConfig.deployDirectory Deployment of web application directory [C:\Workshop_03052023\10_tomcat\apache-tomcat-9.0.74\apache-tomcat-9.0.74\webapps\ROOT] has finished in [28] ms
03-May-2023 13:59:08.464 INFORMATION [main] org.apache.coyote.AbstractProtocol.start Starting ProtocolHandler ["http-nio-8080"]
03-May-2023 13:59:08.523 INFORMATION [main] org.apache.catalina.startup.Catalina.start Server startup in [1096] milliseconds
03-May-2023 14:00:13.376 INFORMATION [Thread-1] org.apache.coyote.AbstractProtocol.pause Pausing ProtocolHandler ["http-nio-8080"]
03-May-2023 14:00:13.392 INFORMATION [Thread-1] org.apache.catalina.core.StandardService.stopInternal Stopping service [Catalina]
03-May-2023 14:00:13.410 INFORMATION [Thread-1] org.apache.coyote.AbstractProtocol.stop Stopping ProtocolHandler ["http-nio-8080"]
03-May-2023 14:00:13.419 INFORMATION [Thread-1] org.apache.coyote.AbstractProtocol.destroy Destroying ProtocolHandler ["http-nio-8080"]
03-May-2023 14:08:21.823 INFORMATION [main] org.apache.catalina.startup.VersionLoggerListener.log Server Version:        Apache Tomcat/9.0.74
03-May-2023 14:08:21.836 INFORMATION [main] org.apache.catalina.startup.VersionLoggerListener.log Server built:          Apr 13 2023 08:10:39 UTC
03-May-2023 14:08:21.836 INFORMATION [main] org.apache.catalina.startup.VersionLoggerListener.log Server version number: 9.0.74.0
03-May-2023 14:08:21.836 INFORMATION [main] org.apache.catalina.startup.VersionLoggerListener.log OS Name:               Windows 11
03-May-2023 14:08:21.836 INFORMATION [main] org.apache.catalina.startup.VersionLoggerListener.log OS Version:            10.0
03-May-2023 14:08:21.836 INFORMATION [main] org.apache.catalina.startup.VersionLoggerListener.log Architektur:           amd64
03-May-2023 14:08:21.836 INFORMATION [main] org.apache.catalina.startup.VersionLoggerListener.log Java Home:             C:\Workshop_03052023\10_tomcat\jdk-20_windows-x64_bin\jdk-20.0.1
03-May-2023 14:08:21.836 INFORMATION [main] org.apache.catalina.startup.VersionLoggerListener.log JVM Version:           20.0.1+9-29
03-May-2023 14:08:21.836 INFORMATION [main] org.apache.catalina.startup.VersionLoggerListener.log JVM Hersteller:        Oracle Corporation
03-May-2023 14:08:21.836 INFORMATION [main] org.apache.catalina.startup.VersionLoggerListener.log CATALINA_BASE:         C:\Workshop_03052023\10_tomcat\apache-tomcat-9.0.74\apache-tomcat-9.0.74
03-May-2023 14:08:21.836 INFORMATION [main] org.apache.catalina.startup.VersionLoggerListener.log CATALINA_HOME:         C:\Workshop_03052023\10_tomcat\apache-tomcat-9.0.74\apache-tomcat-9.0.74
03-May-2023 14:08:21.932 INFORMATION [main] org.apache.catalina.startup.VersionLoggerListener.log Command line argument: --add-opens=java.base/java.lang=ALL-UNNAMED
03-May-2023 14:08:21.932 INFORMATION [main] org.apache.catalina.startup.VersionLoggerListener.log Command line argument: --add-opens=java.base/java.io=ALL-UNNAMED
03-May-2023 14:08:21.932 INFORMATION [main] org.apache.catalina.startup.VersionLoggerListener.log Command line argument: --add-opens=java.base/java.util=ALL-UNNAMED
03-May-2023 14:08:21.932 INFORMATION [main] org.apache.catalina.startup.VersionLoggerListener.log Command line argument: --add-opens=java.base/java.util.concurrent=ALL-UNNAMED
03-May-2023 14:08:21.932 INFORMATION [main] org.apache.catalina.startup.VersionLoggerListener.log Command line argument: --add-opens=java.rmi/sun.rmi.transport=ALL-UNNAMED
03-May-2023 14:08:21.932 INFORMATION [main] org.apache.catalina.startup.VersionLoggerListener.log Command line argument: -Djava.util.logging.config.file=C:\Workshop_03052023\10_tomcat\apache-tomcat-9.0.74\apache-tomcat-9.0.74\conf\logging.properties
03-May-2023 14:08:21.932 INFORMATION [main] org.apache.catalina.startup.VersionLoggerListener.log Command line argument: -Djava.util.logging.manager=org.apache.juli.ClassLoaderLogManager
03-May-2023 14:08:21.932 INFORMATION [main] org.apache.catalina.startup.VersionLoggerListener.log Command line argument: -Djdk.tls.ephemeralDHKeySize=2048
03-May-2023 14:08:21.932 INFORMATION [main] org.apache.catalina.startup.VersionLoggerListener.log Command line argument: -Djava.protocol.handler.pkgs=org.apache.catalina.webresources
03-May-2023 14:08:21.932 INFORMATION [main] org.apache.catalina.startup.VersionLoggerListener.log Command line argument: -Dignore.endorsed.dirs=
03-May-2023 14:08:21.932 INFORMATION [main] org.apache.catalina.startup.VersionLoggerListener.log Command line argument: -Dcatalina.base=C:\Workshop_03052023\10_tomcat\apache-tomcat-9.0.74\apache-tomcat-9.0.74
03-May-2023 14:08:21.932 INFORMATION [main] org.apache.catalina.startup.VersionLoggerListener.log Command line argument: -Dcatalina.home=C:\Workshop_03052023\10_tomcat\apache-tomcat-9.0.74\apache-tomcat-9.0.74
03-May-2023 14:08:21.932 INFORMATION [main] org.apache.catalina.startup.VersionLoggerListener.log Command line argument: -Djava.io.tmpdir=C:\Workshop_03052023\10_tomcat\apache-tomcat-9.0.74\apache-tomcat-9.0.74\temp
03-May-2023 14:08:21.948 INFORMATION [main] org.apache.catalina.core.AprLifecycleListener.lifecycleEvent The Apache Tomcat Native library which allows using OpenSSL was not found on the java.library.path: [C:\Workshop_03052023\10_tomcat\jdk-20_windows-x64_bin\jdk-20.0.1\bin;C:\WINDOWS\Sun\Java\bin;C:\WINDOWS\system32;C:\WINDOWS;C:\Program Files (x86)\Common Files\Oracle\Java\javapath;C:\WINDOWS\system32;C:\WINDOWS;C:\WINDOWS\System32\Wbem;C:\WINDOWS\System32\WindowsPowerShell\v1.0\;C:\WINDOWS\System32\OpenSSH\;c:\Program Files\Git\cmd;C:\Users\Max.Leidinger1\AppData\Local\Microsoft\WindowsApps;;C:\Users\Max.Leidinger1\AppData\Local\Programs\Microsoft VS Code\bin;.]
03-May-2023 14:08:22.200 INFORMATION [main] org.apache.coyote.AbstractProtocol.init Initialisiere ProtocolHandler["http-nio-8080"]
03-May-2023 14:08:22.278 INFORMATION [main] org.apache.catalina.startup.Catalina.load Server initialization in [686] milliseconds
03-May-2023 14:08:22.310 INFORMATION [main] org.apache.catalina.core.StandardService.startInternal Starting service [Catalina]
03-May-2023 14:08:22.310 INFORMATION [main] org.apache.catalina.core.StandardEngine.startInternal Starting Servlet engine: [Apache Tomcat/9.0.74]
03-May-2023 14:08:22.318 INFORMATION [main] org.apache.catalina.startup.HostConfig.deployDirectory Deploye Web-Applikations-Verzeichnis [C:\Workshop_03052023\10_tomcat\apache-tomcat-9.0.74\apache-tomcat-9.0.74\webapps\docs]
03-May-2023 14:08:22.912 INFORMATION [main] org.apache.catalina.startup.HostConfig.deployDirectory Deployment of web application directory [C:\Workshop_03052023\10_tomcat\apache-tomcat-9.0.74\apache-tomcat-9.0.74\webapps\docs] has finished in [578] ms
03-May-2023 14:08:22.912 INFORMATION [main] org.apache.catalina.startup.HostConfig.deployDirectory Deploye Web-Applikations-Verzeichnis [C:\Workshop_03052023\10_tomcat\apache-tomcat-9.0.74\apache-tomcat-9.0.74\webapps\examples]
03-May-2023 14:08:27.149 INFORMATION [main] org.apache.catalina.startup.HostConfig.deployDirectory Deployment of web application directory [C:\Workshop_03052023\10_tomcat\apache-tomcat-9.0.74\apache-tomcat-9.0.74\webapps\examples] has finished in [4.237] ms
03-May-2023 14:08:27.149 INFORMATION [main] org.apache.catalina.startup.HostConfig.deployDirectory Deploye Web-Applikations-Verzeichnis [C:\Workshop_03052023\10_tomcat\apache-tomcat-9.0.74\apache-tomcat-9.0.74\webapps\host-manager]
03-May-2023 14:08:27.261 INFORMATION [main] org.apache.catalina.startup.HostConfig.deployDirectory Deployment of web application directory [C:\Workshop_03052023\10_tomcat\apache-tomcat-9.0.74\apache-tomcat-9.0.74\webapps\host-manager] has finished in [112] ms
03-May-2023 14:08:27.261 INFORMATION [main] org.apache.catalina.startup.HostConfig.deployDirectory Deploye Web-Applikations-Verzeichnis [C:\Workshop_03052023\10_tomcat\apache-tomcat-9.0.74\apache-tomcat-9.0.74\webapps\manager]
03-May-2023 14:08:27.326 INFORMATION [main] org.apache.catalina.startup.HostConfig.deployDirectory Deployment of web application directory [C:\Workshop_03052023\10_tomcat\apache-tomcat-9.0.74\apache-tomcat-9.0.74\webapps\manager] has finished in [65] ms
03-May-2023 14:08:27.326 INFORMATION [main] org.apache.catalina.startup.HostConfig.deployDirectory Deploye Web-Applikations-Verzeichnis [C:\Workshop_03052023\10_tomcat\apache-tomcat-9.0.74\apache-tomcat-9.0.74\webapps\ROOT]
03-May-2023 14:08:27.376 INFORMATION [main] org.apache.catalina.startup.HostConfig.deployDirectory Deployment of web application directory [C:\Workshop_03052023\10_tomcat\apache-tomcat-9.0.74\apache-tomcat-9.0.74\webapps\ROOT] has finished in [50] ms
03-May-2023 14:08:27.376 INFORMATION [main] org.apache.coyote.AbstractProtocol.start Starting ProtocolHandler ["http-nio-8080"]
03-May-2023 14:08:27.465 INFORMATION [main] org.apache.catalina.startup.Catalina.start Server startup in [5195] milliseconds
03-May-2023 14:08:37.321 INFORMATION [Thread-1] org.apache.coyote.AbstractProtocol.pause Pausing ProtocolHandler ["http-nio-8080"]
03-May-2023 14:08:37.335 INFORMATION [Thread-1] org.apache.catalina.core.StandardService.stopInternal Stopping service [Catalina]
03-May-2023 14:08:37.370 INFORMATION [Thread-1] org.apache.coyote.AbstractProtocol.stop Stopping ProtocolHandler ["http-nio-8080"]
03-May-2023 14:08:37.386 INFORMATION [Thread-1] org.apache.coyote.AbstractProtocol.destroy Destroying ProtocolHandler ["http-nio-8080"]
03-May-2023 14:35:09.159 INFORMATION [main] org.apache.catalina.startup.VersionLoggerListener.log Server Version:        Apache Tomcat/9.0.74
03-May-2023 14:35:09.172 INFORMATION [main] org.apache.catalina.startup.VersionLoggerListener.log Server built:          Apr 13 2023 08:10:39 UTC
03-May-2023 14:35:09.172 INFORMATION [main] org.apache.catalina.startup.VersionLoggerListener.log Server version number: 9.0.74.0
03-May-2023 14:35:09.172 INFORMATION [main] org.apache.catalina.startup.VersionLoggerListener.log OS Name:               Windows 11
03-May-2023 14:35:09.172 INFORMATION [main] org.apache.catalina.startup.VersionLoggerListener.log OS Version:            10.0
03-May-2023 14:35:09.172 INFORMATION [main] org.apache.catalina.startup.VersionLoggerListener.log Architektur:           amd64
03-May-2023 14:35:09.172 INFORMATION [main] org.apache.catalina.startup.VersionLoggerListener.log Java Home:             C:\Workshop_03052023\10_tomcat\jdk-20_windows-x64_bin\jdk-20.0.1
03-May-2023 14:35:09.172 INFORMATION [main] org.apache.catalina.startup.VersionLoggerListener.log JVM Version:           20.0.1+9-29
03-May-2023 14:35:09.172 INFORMATION [main] org.apache.catalina.startup.VersionLoggerListener.log JVM Hersteller:        Oracle Corporation
03-May-2023 14:35:09.172 INFORMATION [main] org.apache.catalina.startup.VersionLoggerListener.log CATALINA_BASE:         C:\Workshop_03052023\10_tomcat\apache-tomcat-9.0.74\apache-tomcat-9.0.74
03-May-2023 14:35:09.172 INFORMATION [main] org.apache.catalina.startup.VersionLoggerListener.log CATALINA_HOME:         C:\Workshop_03052023\10_tomcat\apache-tomcat-9.0.74\apache-tomcat-9.0.74
03-May-2023 14:35:09.282 INFORMATION [main] org.apache.catalina.startup.VersionLoggerListener.log Command line argument: --add-opens=java.base/java.lang=ALL-UNNAMED
03-May-2023 14:35:09.282 INFORMATION [main] org.apache.catalina.startup.VersionLoggerListener.log Command line argument: --add-opens=java.base/java.io=ALL-UNNAMED
03-May-2023 14:35:09.282 INFORMATION [main] org.apache.catalina.startup.VersionLoggerListener.log Command line argument: --add-opens=java.base/java.util=ALL-UNNAMED
03-May-2023 14:35:09.282 INFORMATION [main] org.apache.catalina.startup.VersionLoggerListener.log Command line argument: --add-opens=java.base/java.util.concurrent=ALL-UNNAMED
03-May-2023 14:35:09.282 INFORMATION [main] org.apache.catalina.startup.VersionLoggerListener.log Command line argument: --add-opens=java.rmi/sun.rmi.transport=ALL-UNNAMED
03-May-2023 14:35:09.298 INFORMATION [main] org.apache.catalina.startup.VersionLoggerListener.log Command line argument: -Djava.util.logging.config.file=.\apache-tomcat-9.0.74\apache-tomcat-9.0.74\conf\logging.properties
03-May-2023 14:35:09.298 INFORMATION [main] org.apache.catalina.startup.VersionLoggerListener.log Command line argument: -Djava.util.logging.manager=org.apache.juli.ClassLoaderLogManager
03-May-2023 14:35:09.298 INFORMATION [main] org.apache.catalina.startup.VersionLoggerListener.log Command line argument: -Djdk.tls.ephemeralDHKeySize=2048
03-May-2023 14:35:09.298 INFORMATION [main] org.apache.catalina.startup.VersionLoggerListener.log Command line argument: -Djava.protocol.handler.pkgs=org.apache.catalina.webresources
03-May-2023 14:35:09.298 INFORMATION [main] org.apache.catalina.startup.VersionLoggerListener.log Command line argument: -Dignore.endorsed.dirs=
03-May-2023 14:35:09.298 INFORMATION [main] org.apache.catalina.startup.VersionLoggerListener.log Command line argument: -Dcatalina.base=.\apache-tomcat-9.0.74\apache-tomcat-9.0.74
03-May-2023 14:35:09.298 INFORMATION [main] org.apache.catalina.startup.VersionLoggerListener.log Command line argument: -Dcatalina.home=.\apache-tomcat-9.0.74\apache-tomcat-9.0.74
03-May-2023 14:35:09.298 INFORMATION [main] org.apache.catalina.startup.VersionLoggerListener.log Command line argument: -Djava.io.tmpdir=.\apache-tomcat-9.0.74\apache-tomcat-9.0.74\temp
03-May-2023 14:35:09.298 INFORMATION [main] org.apache.catalina.core.AprLifecycleListener.lifecycleEvent The Apache Tomcat Native library which allows using OpenSSL was not found on the java.library.path: [C:\Workshop_03052023\10_tomcat\jdk-20_windows-x64_bin\jdk-20.0.1\bin;C:\WINDOWS\Sun\Java\bin;C:\WINDOWS\system32;C:\WINDOWS;C:\Program Files (x86)\Common Files\Oracle\Java\javapath;C:\WINDOWS\system32;C:\WINDOWS;C:\WINDOWS\System32\Wbem;C:\WINDOWS\System32\WindowsPowerShell\v1.0\;C:\WINDOWS\System32\OpenSSH\;c:\Program Files\Git\cmd;C:\Users\Max.Leidinger1\AppData\Local\Microsoft\WindowsApps;;C:\Users\Max.Leidinger1\AppData\Local\Programs\Microsoft VS Code\bin;.]
03-May-2023 14:35:09.627 INFORMATION [main] org.apache.coyote.AbstractProtocol.init Initialisiere ProtocolHandler["http-nio-8080"]
03-May-2023 14:35:09.711 INFORMATION [main] org.apache.catalina.startup.Catalina.load Server initialization in [754] milliseconds
03-May-2023 14:35:09.759 INFORMATION [main] org.apache.catalina.core.StandardService.startInternal Starting service [Catalina]
03-May-2023 14:35:09.759 INFORMATION [main] org.apache.catalina.core.StandardEngine.startInternal Starting Servlet engine: [Apache Tomcat/9.0.74]
03-May-2023 14:35:09.774 INFORMATION [main] org.apache.catalina.startup.HostConfig.deployDirectory Deploye Web-Applikations-Verzeichnis [C:\Workshop_03052023\10_tomcat\apache-tomcat-9.0.74\apache-tomcat-9.0.74\webapps\docs]
03-May-2023 14:35:10.372 WARNUNG [main] org.apache.catalina.util.SessionIdGeneratorBase.createSecureRandom Creation of SecureRandom instance for session ID generation using [SHA1PRNG] took [110] milliseconds.
03-May-2023 14:35:10.419 INFORMATION [main] org.apache.catalina.startup.HostConfig.deployDirectory Deployment of web application directory [C:\Workshop_03052023\10_tomcat\apache-tomcat-9.0.74\apache-tomcat-9.0.74\webapps\docs] has finished in [645] ms
03-May-2023 14:35:10.419 INFORMATION [main] org.apache.catalina.startup.HostConfig.deployDirectory Deploye Web-Applikations-Verzeichnis [C:\Workshop_03052023\10_tomcat\apache-tomcat-9.0.74\apache-tomcat-9.0.74\webapps\examples]
03-May-2023 14:35:14.364 INFORMATION [main] org.apache.catalina.startup.HostConfig.deployDirectory Deployment of web application directory [C:\Workshop_03052023\10_tomcat\apache-tomcat-9.0.74\apache-tomcat-9.0.74\webapps\examples] has finished in [3.945] ms
03-May-2023 14:35:14.364 INFORMATION [main] org.apache.catalina.startup.HostConfig.deployDirectory Deploye Web-Applikations-Verzeichnis [C:\Workshop_03052023\10_tomcat\apache-tomcat-9.0.74\apache-tomcat-9.0.74\webapps\host-manager]
03-May-2023 14:35:14.481 INFORMATION [main] org.apache.catalina.startup.HostConfig.deployDirectory Deployment of web application directory [C:\Workshop_03052023\10_tomcat\apache-tomcat-9.0.74\apache-tomcat-9.0.74\webapps\host-manager] has finished in [117] ms
03-May-2023 14:35:14.481 INFORMATION [main] org.apache.catalina.startup.HostConfig.deployDirectory Deploye Web-Applikations-Verzeichnis [C:\Workshop_03052023\10_tomcat\apache-tomcat-9.0.74\apache-tomcat-9.0.74\webapps\manager]
03-May-2023 14:35:14.623 INFORMATION [main] org.apache.catalina.startup.HostConfig.deployDirectory Deployment of web application directory [C:\Workshop_03052023\10_tomcat\apache-tomcat-9.0.74\apache-tomcat-9.0.74\webapps\manager] has finished in [142] ms
03-May-2023 14:35:14.623 INFORMATION [main] org.apache.catalina.startup.HostConfig.deployDirectory Deploye Web-Applikations-Verzeichnis [C:\Workshop_03052023\10_tomcat\apache-tomcat-9.0.74\apache-tomcat-9.0.74\webapps\ROOT]
03-May-2023 14:35:14.672 INFORMATION [main] org.apache.catalina.startup.HostConfig.deployDirectory Deployment of web application directory [C:\Workshop_03052023\10_tomcat\apache-tomcat-9.0.74\apache-tomcat-9.0.74\webapps\ROOT] has finished in [49] ms
03-May-2023 14:35:14.672 INFORMATION [main] org.apache.coyote.AbstractProtocol.start Starting ProtocolHandler ["http-nio-8080"]
03-May-2023 14:35:14.766 INFORMATION [main] org.apache.catalina.startup.Catalina.start Server startup in [5049] milliseconds
03-May-2023 14:35:30.795 INFORMATION [Thread-1] org.apache.coyote.AbstractProtocol.pause Pausing ProtocolHandler ["http-nio-8080"]
03-May-2023 14:35:30.810 INFORMATION [Thread-1] org.apache.catalina.core.StandardService.stopInternal Stopping service [Catalina]
03-May-2023 14:35:30.859 INFORMATION [Thread-1] org.apache.coyote.AbstractProtocol.stop Stopping ProtocolHandler ["http-nio-8080"]
03-May-2023 14:35:30.878 INFORMATION [Thread-1] org.apache.coyote.AbstractProtocol.destroy Destroying ProtocolHandler ["http-nio-8080"]
03-May-2023 14:37:35.352 INFORMATION [main] org.apache.catalina.startup.VersionLoggerListener.log Server Version:        Apache Tomcat/9.0.74
03-May-2023 14:37:35.360 INFORMATION [main] org.apache.catalina.startup.VersionLoggerListener.log Server built:          Apr 13 2023 08:10:39 UTC
03-May-2023 14:37:35.360 INFORMATION [main] org.apache.catalina.startup.VersionLoggerListener.log Server version number: 9.0.74.0
03-May-2023 14:37:35.360 INFORMATION [main] org.apache.catalina.startup.VersionLoggerListener.log OS Name:               Windows 11
03-May-2023 14:37:35.360 INFORMATION [main] org.apache.catalina.startup.VersionLoggerListener.log OS Version:            10.0
03-May-2023 14:37:35.360 INFORMATION [main] org.apache.catalina.startup.VersionLoggerListener.log Architektur:           amd64
03-May-2023 14:37:35.360 INFORMATION [main] org.apache.catalina.startup.VersionLoggerListener.log Java Home:             C:\Workshop_03052023\10_tomcat\jdk-20_windows-x64_bin\jdk-20.0.1
03-May-2023 14:37:35.360 INFORMATION [main] org.apache.catalina.startup.VersionLoggerListener.log JVM Version:           20.0.1+9-29
03-May-2023 14:37:35.360 INFORMATION [main] org.apache.catalina.startup.VersionLoggerListener.log JVM Hersteller:        Oracle Corporation
03-May-2023 14:37:35.360 INFORMATION [main] org.apache.catalina.startup.VersionLoggerListener.log CATALINA_BASE:         C:\Workshop_03052023\10_tomcat\apache-tomcat-9.0.74\apache-tomcat-9.0.74
03-May-2023 14:37:35.360 INFORMATION [main] org.apache.catalina.startup.VersionLoggerListener.log CATALINA_HOME:         C:\Workshop_03052023\10_tomcat\apache-tomcat-9.0.74\apache-tomcat-9.0.74
03-May-2023 14:37:35.368 INFORMATION [main] org.apache.catalina.startup.VersionLoggerListener.log Command line argument: --add-opens=java.base/java.lang=ALL-UNNAMED
03-May-2023 14:37:35.368 INFORMATION [main] org.apache.catalina.startup.VersionLoggerListener.log Command line argument: --add-opens=java.base/java.io=ALL-UNNAMED
03-May-2023 14:37:35.368 INFORMATION [main] org.apache.catalina.startup.VersionLoggerListener.log Command line argument: --add-opens=java.base/java.util=ALL-UNNAMED
03-May-2023 14:37:35.368 INFORMATION [main] org.apache.catalina.startup.VersionLoggerListener.log Command line argument: --add-opens=java.base/java.util.concurrent=ALL-UNNAMED
03-May-2023 14:37:35.368 INFORMATION [main] org.apache.catalina.startup.VersionLoggerListener.log Command line argument: --add-opens=java.rmi/sun.rmi.transport=ALL-UNNAMED
03-May-2023 14:37:35.368 INFORMATION [main] org.apache.catalina.startup.VersionLoggerListener.log Command line argument: -Djava.util.logging.config.file=.\apache-tomcat-9.0.74\apache-tomcat-9.0.74\conf\logging.properties
03-May-2023 14:37:35.368 INFORMATION [main] org.apache.catalina.startup.VersionLoggerListener.log Command line argument: -Djava.util.logging.manager=org.apache.juli.ClassLoaderLogManager
03-May-2023 14:37:35.368 INFORMATION [main] org.apache.catalina.startup.VersionLoggerListener.log Command line argument: -Djdk.tls.ephemeralDHKeySize=2048
03-May-2023 14:37:35.368 INFORMATION [main] org.apache.catalina.startup.VersionLoggerListener.log Command line argument: -Djava.protocol.handler.pkgs=org.apache.catalina.webresources
03-May-2023 14:37:35.368 INFORMATION [main] org.apache.catalina.startup.VersionLoggerListener.log Command line argument: -Dignore.endorsed.dirs=
03-May-2023 14:37:35.368 INFORMATION [main] org.apache.catalina.startup.VersionLoggerListener.log Command line argument: -Dcatalina.base=.\apache-tomcat-9.0.74\apache-tomcat-9.0.74
03-May-2023 14:37:35.368 INFORMATION [main] org.apache.catalina.startup.VersionLoggerListener.log Command line argument: -Dcatalina.home=.\apache-tomcat-9.0.74\apache-tomcat-9.0.74
03-May-2023 14:37:35.368 INFORMATION [main] org.apache.catalina.startup.VersionLoggerListener.log Command line argument: -Djava.io.tmpdir=.\apache-tomcat-9.0.74\apache-tomcat-9.0.74\temp
03-May-2023 14:37:35.368 INFORMATION [main] org.apache.catalina.core.AprLifecycleListener.lifecycleEvent The Apache Tomcat Native library which allows using OpenSSL was not found on the java.library.path: [C:\Workshop_03052023\10_tomcat\jdk-20_windows-x64_bin\jdk-20.0.1\bin;C:\WINDOWS\Sun\Java\bin;C:\WINDOWS\system32;C:\WINDOWS;C:\Program Files (x86)\Common Files\Oracle\Java\javapath;C:\WINDOWS\system32;C:\WINDOWS;C:\WINDOWS\System32\Wbem;C:\WINDOWS\System32\WindowsPowerShell\v1.0\;C:\WINDOWS\System32\OpenSSH\;c:\Program Files\Git\cmd;C:\Users\Max.Leidinger1\AppData\Local\Microsoft\WindowsApps;;C:\Users\Max.Leidinger1\AppData\Local\Programs\Microsoft VS Code\bin;.]
03-May-2023 14:37:35.646 INFORMATION [main] org.apache.coyote.AbstractProtocol.init Initialisiere ProtocolHandler["http-nio-8080"]
03-May-2023 14:37:35.665 INFORMATION [main] org.apache.catalina.startup.Catalina.load Server initialization in [524] milliseconds
03-May-2023 14:37:35.693 INFORMATION [main] org.apache.catalina.core.StandardService.startInternal Starting service [Catalina]
03-May-2023 14:37:35.693 INFORMATION [main] org.apache.catalina.core.StandardEngine.startInternal Starting Servlet engine: [Apache Tomcat/9.0.74]
03-May-2023 14:37:35.709 INFORMATION [main] org.apache.catalina.startup.HostConfig.deployDirectory Deploye Web-Applikations-Verzeichnis [C:\Workshop_03052023\10_tomcat\apache-tomcat-9.0.74\apache-tomcat-9.0.74\webapps\docs]
03-May-2023 14:37:36.019 INFORMATION [main] org.apache.catalina.startup.HostConfig.deployDirectory Deployment of web application directory [C:\Workshop_03052023\10_tomcat\apache-tomcat-9.0.74\apache-tomcat-9.0.74\webapps\docs] has finished in [310] ms
03-May-2023 14:37:36.019 INFORMATION [main] org.apache.catalina.startup.HostConfig.deployDirectory Deploye Web-Applikations-Verzeichnis [C:\Workshop_03052023\10_tomcat\apache-tomcat-9.0.74\apache-tomcat-9.0.74\webapps\examples]
03-May-2023 14:37:36.472 INFORMATION [main] org.apache.catalina.startup.HostConfig.deployDirectory Deployment of web application directory [C:\Workshop_03052023\10_tomcat\apache-tomcat-9.0.74\apache-tomcat-9.0.74\webapps\examples] has finished in [453] ms
03-May-2023 14:37:36.472 INFORMATION [main] org.apache.catalina.startup.HostConfig.deployDirectory Deploye Web-Applikations-Verzeichnis [C:\Workshop_03052023\10_tomcat\apache-tomcat-9.0.74\apache-tomcat-9.0.74\webapps\host-manager]
03-May-2023 14:37:36.519 INFORMATION [main] org.apache.catalina.startup.HostConfig.deployDirectory Deployment of web application directory [C:\Workshop_03052023\10_tomcat\apache-tomcat-9.0.74\apache-tomcat-9.0.74\webapps\host-manager] has finished in [47] ms
03-May-2023 14:37:36.519 INFORMATION [main] org.apache.catalina.startup.HostConfig.deployDirectory Deploye Web-Applikations-Verzeichnis [C:\Workshop_03052023\10_tomcat\apache-tomcat-9.0.74\apache-tomcat-9.0.74\webapps\manager]
03-May-2023 14:37:36.557 INFORMATION [main] org.apache.catalina.startup.HostConfig.deployDirectory Deployment of web application directory [C:\Workshop_03052023\10_tomcat\apache-tomcat-9.0.74\apache-tomcat-9.0.74\webapps\manager] has finished in [38] ms
03-May-2023 14:37:36.557 INFORMATION [main] org.apache.catalina.startup.HostConfig.deployDirectory Deploye Web-Applikations-Verzeichnis [C:\Workshop_03052023\10_tomcat\apache-tomcat-9.0.74\apache-tomcat-9.0.74\webapps\ROOT]
03-May-2023 14:37:36.573 INFORMATION [main] org.apache.catalina.startup.HostConfig.deployDirectory Deployment of web application directory [C:\Workshop_03052023\10_tomcat\apache-tomcat-9.0.74\apache-tomcat-9.0.74\webapps\ROOT] has finished in [16] ms
03-May-2023 14:37:36.573 INFORMATION [main] org.apache.coyote.AbstractProtocol.start Starting ProtocolHandler ["http-nio-8080"]
03-May-2023 14:37:36.651 INFORMATION [main] org.apache.catalina.startup.Catalina.start Server startup in [984] milliseconds
03-May-2023 14:38:52.824 INFORMATION [main] org.apache.catalina.core.StandardServer.await A valid shutdown command was received via the shutdown port. Stopping the Server instance.
03-May-2023 14:38:52.835 INFORMATION [main] org.apache.coyote.AbstractProtocol.pause Pausing ProtocolHandler ["http-nio-8080"]
03-May-2023 14:38:52.853 INFORMATION [main] org.apache.catalina.core.StandardService.stopInternal Stopping service [Catalina]
03-May-2023 14:38:52.916 INFORMATION [main] org.apache.coyote.AbstractProtocol.stop Stopping ProtocolHandler ["http-nio-8080"]
03-May-2023 14:38:52.934 INFORMATION [main] org.apache.coyote.AbstractProtocol.destroy Destroying ProtocolHandler ["http-nio-8080"]
03-May-2023 15:04:47.096 INFORMATION [main] org.apache.catalina.startup.VersionLoggerListener.log Server Version:        Apache Tomcat/9.0.74
03-May-2023 15:04:47.099 INFORMATION [main] org.apache.catalina.startup.VersionLoggerListener.log Server built:          Apr 13 2023 08:10:39 UTC
03-May-2023 15:04:47.099 INFORMATION [main] org.apache.catalina.startup.VersionLoggerListener.log Server version number: 9.0.74.0
03-May-2023 15:04:47.099 INFORMATION [main] org.apache.catalina.startup.VersionLoggerListener.log OS Name:               Windows 11
03-May-2023 15:04:47.099 INFORMATION [main] org.apache.catalina.startup.VersionLoggerListener.log OS Version:            10.0
03-May-2023 15:04:47.099 INFORMATION [main] org.apache.catalina.startup.VersionLoggerListener.log Architektur:           amd64
03-May-2023 15:04:47.099 INFORMATION [main] org.apache.catalina.startup.VersionLoggerListener.log Java Home:             C:\Workshop_03052023\10_tomcat\jdk-20_windows-x64_bin\jdk-20.0.1
03-May-2023 15:04:47.099 INFORMATION [main] org.apache.catalina.startup.VersionLoggerListener.log JVM Version:           20.0.1+9-29
03-May-2023 15:04:47.099 INFORMATION [main] org.apache.catalina.startup.VersionLoggerListener.log JVM Hersteller:        Oracle Corporation
03-May-2023 15:04:47.099 INFORMATION [main] org.apache.catalina.startup.VersionLoggerListener.log CATALINA_BASE:         C:\Workshop_03052023\10_tomcat\apache-tomcat-9.0.74\apache-tomcat-9.0.74
03-May-2023 15:04:47.099 INFORMATION [main] org.apache.catalina.startup.VersionLoggerListener.log CATALINA_HOME:         C:\Workshop_03052023\10_tomcat\apache-tomcat-9.0.74\apache-tomcat-9.0.74
03-May-2023 15:04:47.202 INFORMATION [main] org.apache.catalina.startup.VersionLoggerListener.log Command line argument: --add-opens=java.base/java.lang=ALL-UNNAMED
03-May-2023 15:04:47.202 INFORMATION [main] org.apache.catalina.startup.VersionLoggerListener.log Command line argument: --add-opens=java.base/java.io=ALL-UNNAMED
03-May-2023 15:04:47.202 INFORMATION [main] org.apache.catalina.startup.VersionLoggerListener.log Command line argument: --add-opens=java.base/java.util=ALL-UNNAMED
03-May-2023 15:04:47.202 INFORMATION [main] org.apache.catalina.startup.VersionLoggerListener.log Command line argument: --add-opens=java.base/java.util.concurrent=ALL-UNNAMED
03-May-2023 15:04:47.202 INFORMATION [main] org.apache.catalina.startup.VersionLoggerListener.log Command line argument: --add-opens=java.rmi/sun.rmi.transport=ALL-UNNAMED
03-May-2023 15:04:47.202 INFORMATION [main] org.apache.catalina.startup.VersionLoggerListener.log Command line argument: -Djava.util.logging.config.file=.\apache-tomcat-9.0.74\apache-tomcat-9.0.74\conf\logging.properties
03-May-2023 15:04:47.202 INFORMATION [main] org.apache.catalina.startup.VersionLoggerListener.log Command line argument: -Djava.util.logging.manager=org.apache.juli.ClassLoaderLogManager
03-May-2023 15:04:47.202 INFORMATION [main] org.apache.catalina.startup.VersionLoggerListener.log Command line argument: -Djdk.tls.ephemeralDHKeySize=2048
03-May-2023 15:04:47.202 INFORMATION [main] org.apache.catalina.startup.VersionLoggerListener.log Command line argument: -Djava.protocol.handler.pkgs=org.apache.catalina.webresources
03-May-2023 15:04:47.202 INFORMATION [main] org.apache.catalina.startup.VersionLoggerListener.log Command line argument: -Dignore.endorsed.dirs=
03-May-2023 15:04:47.202 INFORMATION [main] org.apache.catalina.startup.VersionLoggerListener.log Command line argument: -Dcatalina.base=.\apache-tomcat-9.0.74\apache-tomcat-9.0.74
03-May-2023 15:04:47.202 INFORMATION [main] org.apache.catalina.startup.VersionLoggerListener.log Command line argument: -Dcatalina.home=.\apache-tomcat-9.0.74\apache-tomcat-9.0.74
03-May-2023 15:04:47.202 INFORMATION [main] org.apache.catalina.startup.VersionLoggerListener.log Command line argument: -Djava.io.tmpdir=.\apache-tomcat-9.0.74\apache-tomcat-9.0.74\temp
03-May-2023 15:04:47.202 INFORMATION [main] org.apache.catalina.core.AprLifecycleListener.lifecycleEvent The Apache Tomcat Native library which allows using OpenSSL was not found on the java.library.path: [C:\Workshop_03052023\10_tomcat\jdk-20_windows-x64_bin\jdk-20.0.1\bin;C:\WINDOWS\Sun\Java\bin;C:\WINDOWS\system32;C:\WINDOWS;C:\Program Files (x86)\Common Files\Oracle\Java\javapath;C:\WINDOWS\system32;C:\WINDOWS;C:\WINDOWS\System32\Wbem;C:\WINDOWS\System32\WindowsPowerShell\v1.0\;C:\WINDOWS\System32\OpenSSH\;c:\Program Files\Git\cmd;C:\Users\Max.Leidinger1\AppData\Local\Microsoft\WindowsApps;;C:\Users\Max.Leidinger1\AppData\Local\Programs\Microsoft VS Code\bin;.]
03-May-2023 15:04:47.532 INFORMATION [main] org.apache.coyote.AbstractProtocol.init Initialisiere ProtocolHandler["http-nio-8080"]
03-May-2023 15:04:47.595 INFORMATION [main] org.apache.catalina.startup.Catalina.load Server initialization in [740] milliseconds
03-May-2023 15:04:47.643 INFORMATION [main] org.apache.catalina.core.StandardService.startInternal Starting service [Catalina]
03-May-2023 15:04:47.643 INFORMATION [main] org.apache.catalina.core.StandardEngine.startInternal Starting Servlet engine: [Apache Tomcat/9.0.74]
03-May-2023 15:04:47.658 INFORMATION [main] org.apache.catalina.startup.HostConfig.deployDirectory Deploye Web-Applikations-Verzeichnis [C:\Workshop_03052023\10_tomcat\apache-tomcat-9.0.74\apache-tomcat-9.0.74\webapps\20_webjsp]
03-May-2023 15:04:48.150 WARNUNG [main] org.apache.catalina.util.SessionIdGeneratorBase.createSecureRandom Creation of SecureRandom instance for session ID generation using [SHA1PRNG] took [111] milliseconds.
03-May-2023 15:04:48.184 INFORMATION [main] org.apache.catalina.startup.HostConfig.deployDirectory Deployment of web application directory [C:\Workshop_03052023\10_tomcat\apache-tomcat-9.0.74\apache-tomcat-9.0.74\webapps\20_webjsp] has finished in [526] ms
03-May-2023 15:04:48.184 INFORMATION [main] org.apache.catalina.startup.HostConfig.deployDirectory Deploye Web-Applikations-Verzeichnis [C:\Workshop_03052023\10_tomcat\apache-tomcat-9.0.74\apache-tomcat-9.0.74\webapps\docs]
03-May-2023 15:04:48.292 INFORMATION [main] org.apache.catalina.startup.HostConfig.deployDirectory Deployment of web application directory [C:\Workshop_03052023\10_tomcat\apache-tomcat-9.0.74\apache-tomcat-9.0.74\webapps\docs] has finished in [108] ms
03-May-2023 15:04:48.292 INFORMATION [main] org.apache.catalina.startup.HostConfig.deployDirectory Deploye Web-Applikations-Verzeichnis [C:\Workshop_03052023\10_tomcat\apache-tomcat-9.0.74\apache-tomcat-9.0.74\webapps\examples]
03-May-2023 15:04:52.452 INFORMATION [main] org.apache.catalina.startup.HostConfig.deployDirectory Deployment of web application directory [C:\Workshop_03052023\10_tomcat\apache-tomcat-9.0.74\apache-tomcat-9.0.74\webapps\examples] has finished in [4.144] ms
03-May-2023 15:04:52.452 INFORMATION [main] org.apache.catalina.startup.HostConfig.deployDirectory Deploye Web-Applikations-Verzeichnis [C:\Workshop_03052023\10_tomcat\apache-tomcat-9.0.74\apache-tomcat-9.0.74\webapps\host-manager]
03-May-2023 15:04:52.515 INFORMATION [main] org.apache.catalina.startup.HostConfig.deployDirectory Deployment of web application directory [C:\Workshop_03052023\10_tomcat\apache-tomcat-9.0.74\apache-tomcat-9.0.74\webapps\host-manager] has finished in [63] ms
03-May-2023 15:04:52.515 INFORMATION [main] org.apache.catalina.startup.HostConfig.deployDirectory Deploye Web-Applikations-Verzeichnis [C:\Workshop_03052023\10_tomcat\apache-tomcat-9.0.74\apache-tomcat-9.0.74\webapps\manager]
03-May-2023 15:04:52.625 INFORMATION [main] org.apache.catalina.startup.HostConfig.deployDirectory Deployment of web application directory [C:\Workshop_03052023\10_tomcat\apache-tomcat-9.0.74\apache-tomcat-9.0.74\webapps\manager] has finished in [110] ms
03-May-2023 15:04:52.625 INFORMATION [main] org.apache.catalina.startup.HostConfig.deployDirectory Deploye Web-Applikations-Verzeichnis [C:\Workshop_03052023\10_tomcat\apache-tomcat-9.0.74\apache-tomcat-9.0.74\webapps\ROOT]
03-May-2023 15:04:52.665 INFORMATION [main] org.apache.catalina.startup.HostConfig.deployDirectory Deployment of web application directory [C:\Workshop_03052023\10_tomcat\apache-tomcat-9.0.74\apache-tomcat-9.0.74\webapps\ROOT] has finished in [40] ms
03-May-2023 15:04:52.683 INFORMATION [main] org.apache.coyote.AbstractProtocol.start Starting ProtocolHandler ["http-nio-8080"]
03-May-2023 15:04:52.790 INFORMATION [main] org.apache.catalina.startup.Catalina.start Server startup in [5189] milliseconds
03-May-2023 15:09:24.488 INFORMATION [main] org.apache.catalina.core.StandardServer.await A valid shutdown command was received via the shutdown port. Stopping the Server instance.
03-May-2023 15:09:24.488 INFORMATION [main] org.apache.coyote.AbstractProtocol.pause Pausing ProtocolHandler ["http-nio-8080"]
03-May-2023 15:09:24.513 INFORMATION [main] org.apache.catalina.core.StandardService.stopInternal Stopping service [Catalina]
03-May-2023 15:09:24.595 INFORMATION [main] org.apache.coyote.AbstractProtocol.stop Stopping ProtocolHandler ["http-nio-8080"]
03-May-2023 15:09:24.609 INFORMATION [main] org.apache.coyote.AbstractProtocol.destroy Destroying ProtocolHandler ["http-nio-8080"]
03-May-2023 15:23:54.993 INFORMATION [main] org.apache.catalina.startup.VersionLoggerListener.log Server Version:        Apache Tomcat/9.0.74
03-May-2023 15:23:54.998 INFORMATION [main] org.apache.catalina.startup.VersionLoggerListener.log Server built:          Apr 13 2023 08:10:39 UTC
03-May-2023 15:23:54.998 INFORMATION [main] org.apache.catalina.startup.VersionLoggerListener.log Server version number: 9.0.74.0
03-May-2023 15:23:54.998 INFORMATION [main] org.apache.catalina.startup.VersionLoggerListener.log OS Name:               Windows 11
03-May-2023 15:23:54.998 INFORMATION [main] org.apache.catalina.startup.VersionLoggerListener.log OS Version:            10.0
03-May-2023 15:23:54.998 INFORMATION [main] org.apache.catalina.startup.VersionLoggerListener.log Architektur:           amd64
03-May-2023 15:23:54.998 INFORMATION [main] org.apache.catalina.startup.VersionLoggerListener.log Java Home:             C:\Workshop_03052023\10_tomcat\jdk-20_windows-x64_bin\jdk-20.0.1
03-May-2023 15:23:54.998 INFORMATION [main] org.apache.catalina.startup.VersionLoggerListener.log JVM Version:           20.0.1+9-29
03-May-2023 15:23:54.998 INFORMATION [main] org.apache.catalina.startup.VersionLoggerListener.log JVM Hersteller:        Oracle Corporation
03-May-2023 15:23:54.998 INFORMATION [main] org.apache.catalina.startup.VersionLoggerListener.log CATALINA_BASE:         C:\Workshop_03052023\10_tomcat\apache-tomcat-9.0.74\apache-tomcat-9.0.74
03-May-2023 15:23:54.998 INFORMATION [main] org.apache.catalina.startup.VersionLoggerListener.log CATALINA_HOME:         C:\Workshop_03052023\10_tomcat\apache-tomcat-9.0.74\apache-tomcat-9.0.74
03-May-2023 15:23:55.032 INFORMATION [main] org.apache.catalina.startup.VersionLoggerListener.log Command line argument: --add-opens=java.base/java.lang=ALL-UNNAMED
03-May-2023 15:23:55.032 INFORMATION [main] org.apache.catalina.startup.VersionLoggerListener.log Command line argument: --add-opens=java.base/java.io=ALL-UNNAMED
03-May-2023 15:23:55.032 INFORMATION [main] org.apache.catalina.startup.VersionLoggerListener.log Command line argument: --add-opens=java.base/java.util=ALL-UNNAMED
03-May-2023 15:23:55.032 INFORMATION [main] org.apache.catalina.startup.VersionLoggerListener.log Command line argument: --add-opens=java.base/java.util.concurrent=ALL-UNNAMED
03-May-2023 15:23:55.032 INFORMATION [main] org.apache.catalina.startup.VersionLoggerListener.log Command line argument: --add-opens=java.rmi/sun.rmi.transport=ALL-UNNAMED
03-May-2023 15:23:55.032 INFORMATION [main] org.apache.catalina.startup.VersionLoggerListener.log Command line argument: -Djava.util.logging.config.file=.\apache-tomcat-9.0.74\apache-tomcat-9.0.74\conf\logging.properties
03-May-2023 15:23:55.032 INFORMATION [main] org.apache.catalina.startup.VersionLoggerListener.log Command line argument: -Djava.util.logging.manager=org.apache.juli.ClassLoaderLogManager
03-May-2023 15:23:55.032 INFORMATION [main] org.apache.catalina.startup.VersionLoggerListener.log Command line argument: -Djdk.tls.ephemeralDHKeySize=2048
03-May-2023 15:23:55.046 INFORMATION [main] org.apache.catalina.startup.VersionLoggerListener.log Command line argument: -Djava.protocol.handler.pkgs=org.apache.catalina.webresources
03-May-2023 15:23:55.046 INFORMATION [main] org.apache.catalina.startup.VersionLoggerListener.log Command line argument: -Dignore.endorsed.dirs=
03-May-2023 15:23:55.046 INFORMATION [main] org.apache.catalina.startup.VersionLoggerListener.log Command line argument: -Dcatalina.base=.\apache-tomcat-9.0.74\apache-tomcat-9.0.74
03-May-2023 15:23:55.046 INFORMATION [main] org.apache.catalina.startup.VersionLoggerListener.log Command line argument: -Dcatalina.home=.\apache-tomcat-9.0.74\apache-tomcat-9.0.74
03-May-2023 15:23:55.046 INFORMATION [main] org.apache.catalina.startup.VersionLoggerListener.log Command line argument: -Djava.io.tmpdir=.\apache-tomcat-9.0.74\apache-tomcat-9.0.74\temp
03-May-2023 15:23:55.046 INFORMATION [main] org.apache.catalina.core.AprLifecycleListener.lifecycleEvent The Apache Tomcat Native library which allows using OpenSSL was not found on the java.library.path: [C:\Workshop_03052023\10_tomcat\jdk-20_windows-x64_bin\jdk-20.0.1\bin;C:\WINDOWS\Sun\Java\bin;C:\WINDOWS\system32;C:\WINDOWS;C:\Program Files (x86)\Common Files\Oracle\Java\javapath;C:\WINDOWS\system32;C:\WINDOWS;C:\WINDOWS\System32\Wbem;C:\WINDOWS\System32\WindowsPowerShell\v1.0\;C:\WINDOWS\System32\OpenSSH\;c:\Program Files\Git\cmd;C:\Users\Max.Leidinger1\AppData\Local\Microsoft\WindowsApps;;C:\Users\Max.Leidinger1\AppData\Local\Programs\Microsoft VS Code\bin;.]
03-May-2023 15:23:55.361 INFORMATION [main] org.apache.coyote.AbstractProtocol.init Initialisiere ProtocolHandler["http-nio-8080"]
03-May-2023 15:23:55.409 INFORMATION [main] org.apache.catalina.startup.Catalina.load Server initialization in [647] milliseconds
03-May-2023 15:23:55.473 INFORMATION [main] org.apache.catalina.core.StandardService.startInternal Starting service [Catalina]
03-May-2023 15:23:55.473 INFORMATION [main] org.apache.catalina.core.StandardEngine.startInternal Starting Servlet engine: [Apache Tomcat/9.0.74]
03-May-2023 15:23:55.567 INFORMATION [main] org.apache.catalina.startup.HostConfig.deployWAR Deploying web application archive [C:\Workshop_03052023\10_tomcat\apache-tomcat-9.0.74\apache-tomcat-9.0.74\webapps\maxapp.war]
03-May-2023 15:23:56.124 INFORMATION [main] org.apache.catalina.startup.HostConfig.deployWAR Deployment of web application archive [C:\Workshop_03052023\10_tomcat\apache-tomcat-9.0.74\apache-tomcat-9.0.74\webapps\maxapp.war] has finished in [557] ms
03-May-2023 15:23:56.124 INFORMATION [main] org.apache.catalina.startup.HostConfig.deployDirectory Deploye Web-Applikations-Verzeichnis [C:\Workshop_03052023\10_tomcat\apache-tomcat-9.0.74\apache-tomcat-9.0.74\webapps\20_webjsp]
03-May-2023 15:23:56.206 INFORMATION [main] org.apache.catalina.startup.HostConfig.deployDirectory Deployment of web application directory [C:\Workshop_03052023\10_tomcat\apache-tomcat-9.0.74\apache-tomcat-9.0.74\webapps\20_webjsp] has finished in [82] ms
03-May-2023 15:23:56.206 INFORMATION [main] org.apache.catalina.startup.HostConfig.deployDirectory Deploye Web-Applikations-Verzeichnis [C:\Workshop_03052023\10_tomcat\apache-tomcat-9.0.74\apache-tomcat-9.0.74\webapps\docs]
03-May-2023 15:23:56.362 INFORMATION [main] org.apache.catalina.startup.HostConfig.deployDirectory Deployment of web application directory [C:\Workshop_03052023\10_tomcat\apache-tomcat-9.0.74\apache-tomcat-9.0.74\webapps\docs] has finished in [156] ms
03-May-2023 15:23:56.364 INFORMATION [main] org.apache.catalina.startup.HostConfig.deployDirectory Deploye Web-Applikations-Verzeichnis [C:\Workshop_03052023\10_tomcat\apache-tomcat-9.0.74\apache-tomcat-9.0.74\webapps\examples]
03-May-2023 15:24:00.874 INFORMATION [main] org.apache.catalina.startup.HostConfig.deployDirectory Deployment of web application directory [C:\Workshop_03052023\10_tomcat\apache-tomcat-9.0.74\apache-tomcat-9.0.74\webapps\examples] has finished in [4.511] ms
03-May-2023 15:24:00.874 INFORMATION [main] org.apache.catalina.startup.HostConfig.deployDirectory Deploye Web-Applikations-Verzeichnis [C:\Workshop_03052023\10_tomcat\apache-tomcat-9.0.74\apache-tomcat-9.0.74\webapps\host-manager]
03-May-2023 15:24:01.087 INFORMATION [main] org.apache.catalina.startup.HostConfig.deployDirectory Deployment of web application directory [C:\Workshop_03052023\10_tomcat\apache-tomcat-9.0.74\apache-tomcat-9.0.74\webapps\host-manager] has finished in [213] ms
03-May-2023 15:24:01.087 INFORMATION [main] org.apache.catalina.startup.HostConfig.deployDirectory Deploye Web-Applikations-Verzeichnis [C:\Workshop_03052023\10_tomcat\apache-tomcat-9.0.74\apache-tomcat-9.0.74\webapps\manager]
03-May-2023 15:24:01.289 INFORMATION [main] org.apache.catalina.startup.HostConfig.deployDirectory Deployment of web application directory [C:\Workshop_03052023\10_tomcat\apache-tomcat-9.0.74\apache-tomcat-9.0.74\webapps\manager] has finished in [202] ms
03-May-2023 15:24:01.297 INFORMATION [main] org.apache.catalina.startup.HostConfig.deployDirectory Deploye Web-Applikations-Verzeichnis [C:\Workshop_03052023\10_tomcat\apache-tomcat-9.0.74\apache-tomcat-9.0.74\webapps\ROOT]
03-May-2023 15:24:01.393 INFORMATION [main] org.apache.catalina.startup.HostConfig.deployDirectory Deployment of web application directory [C:\Workshop_03052023\10_tomcat\apache-tomcat-9.0.74\apache-tomcat-9.0.74\webapps\ROOT] has finished in [96] ms
03-May-2023 15:24:01.393 INFORMATION [main] org.apache.coyote.AbstractProtocol.start Starting ProtocolHandler ["http-nio-8080"]
03-May-2023 15:24:01.618 INFORMATION [main] org.apache.catalina.startup.Catalina.start Server startup in [6194] milliseconds
03-May-2023 16:06:36.579 INFORMATION [Catalina-utility-2] org.apache.catalina.startup.HostConfig.undeploy Undeploying context [/maxapp]
03-May-2023 16:06:46.822 INFORMATION [Catalina-utility-2] org.apache.catalina.startup.HostConfig.deployWAR Deploying web application archive [C:\Workshop_03052023\10_tomcat\apache-tomcat-9.0.74\apache-tomcat-9.0.74\webapps\maxapp.war]
03-May-2023 16:06:47.013 INFORMATION [Catalina-utility-2] org.apache.catalina.startup.HostConfig.deployWAR Deployment of web application archive [C:\Workshop_03052023\10_tomcat\apache-tomcat-9.0.74\apache-tomcat-9.0.74\webapps\maxapp.war] has finished in [191] ms
03-May-2023 16:07:47.104 INFORMATION [Catalina-utility-2] org.apache.catalina.startup.HostConfig.undeploy Undeploying context [/maxapp]
03-May-2023 16:07:47.279 INFORMATION [Catalina-utility-2] org.apache.catalina.startup.HostConfig.deployWAR Deploying web application archive [C:\Workshop_03052023\10_tomcat\apache-tomcat-9.0.74\apache-tomcat-9.0.74\webapps\maxapp.war]
03-May-2023 16:07:47.416 INFORMATION [Catalina-utility-2] org.apache.catalina.startup.HostConfig.deployWAR Deployment of web application archive [C:\Workshop_03052023\10_tomcat\apache-tomcat-9.0.74\apache-tomcat-9.0.74\webapps\maxapp.war] has finished in [137] ms
03-May-2023 16:08:28.008 INFORMATION [Catalina-utility-2] org.apache.catalina.startup.HostConfig.undeploy Undeploying context [/maxapp]
03-May-2023 16:08:38.199 INFORMATION [Catalina-utility-1] org.apache.catalina.startup.HostConfig.deployWAR Deploying web application archive [C:\Workshop_03052023\10_tomcat\apache-tomcat-9.0.74\apache-tomcat-9.0.74\webapps\maxapp.war]
03-May-2023 16:08:38.327 INFORMATION [Catalina-utility-1] org.apache.catalina.startup.HostConfig.deployWAR Deployment of web application archive [C:\Workshop_03052023\10_tomcat\apache-tomcat-9.0.74\apache-tomcat-9.0.74\webapps\maxapp.war] has finished in [128] ms
03-May-2023 16:08:58.361 INFORMATION [Catalina-utility-1] org.apache.catalina.startup.HostConfig.undeploy Undeploying context [/maxapp]
03-May-2023 16:08:58.548 INFORMATION [Catalina-utility-1] org.apache.catalina.startup.HostConfig.deployWAR Deploying web application archive [C:\Workshop_03052023\10_tomcat\apache-tomcat-9.0.74\apache-tomcat-9.0.74\webapps\maxapp.war]
03-May-2023 16:08:58.665 INFORMATION [Catalina-utility-1] org.apache.catalina.startup.HostConfig.deployWAR Deployment of web application archive [C:\Workshop_03052023\10_tomcat\apache-tomcat-9.0.74\apache-tomcat-9.0.74\webapps\maxapp.war] has finished in [117] ms
03-May-2023 16:10:09.332 INFORMATION [Catalina-utility-2] org.apache.catalina.startup.HostConfig.undeploy Undeploying context [/maxapp]
03-May-2023 16:10:19.510 INFORMATION [Catalina-utility-2] org.apache.catalina.startup.HostConfig.deployWAR Deploying web application archive [C:\Workshop_03052023\10_tomcat\apache-tomcat-9.0.74\apache-tomcat-9.0.74\webapps\maxapp.war]
03-May-2023 16:10:19.630 INFORMATION [Catalina-utility-2] org.apache.catalina.startup.HostConfig.deployWAR Deployment of web application archive [C:\Workshop_03052023\10_tomcat\apache-tomcat-9.0.74\apache-tomcat-9.0.74\webapps\maxapp.war] has finished in [120] ms
03-May-2023 16:10:39.676 INFORMATION [Catalina-utility-2] org.apache.catalina.startup.HostConfig.undeploy Undeploying context [/maxapp]
03-May-2023 16:10:39.832 INFORMATION [Catalina-utility-2] org.apache.catalina.startup.HostConfig.deployWAR Deploying web application archive [C:\Workshop_03052023\10_tomcat\apache-tomcat-9.0.74\apache-tomcat-9.0.74\webapps\maxapp.war]
03-May-2023 16:10:39.964 INFORMATION [Catalina-utility-2] org.apache.catalina.startup.HostConfig.deployWAR Deployment of web application archive [C:\Workshop_03052023\10_tomcat\apache-tomcat-9.0.74\apache-tomcat-9.0.74\webapps\maxapp.war] has finished in [132] ms
03-May-2023 16:13:20.222 INFORMATION [Catalina-utility-1] org.apache.catalina.startup.HostConfig.undeploy Undeploying context [/maxapp]
03-May-2023 16:13:20.384 INFORMATION [Catalina-utility-1] org.apache.catalina.startup.HostConfig.deployWAR Deploying web application archive [C:\Workshop_03052023\10_tomcat\apache-tomcat-9.0.74\apache-tomcat-9.0.74\webapps\maxapp.war]
03-May-2023 16:13:20.520 INFORMATION [Catalina-utility-1] org.apache.catalina.startup.HostConfig.deployWAR Deployment of web application archive [C:\Workshop_03052023\10_tomcat\apache-tomcat-9.0.74\apache-tomcat-9.0.74\webapps\maxapp.war] has finished in [136] ms
03-May-2023 16:15:41.319 INFORMATION [Catalina-utility-1] org.apache.catalina.startup.HostConfig.undeploy Undeploying context [/maxapp]
03-May-2023 16:16:01.508 INFORMATION [Catalina-utility-1] org.apache.catalina.startup.HostConfig.deployWAR Deploying web application archive [C:\Workshop_03052023\10_tomcat\apache-tomcat-9.0.74\apache-tomcat-9.0.74\webapps\maxapp.war]
03-May-2023 16:16:01.729 INFORMATION [Catalina-utility-1] org.apache.catalina.startup.HostConfig.deployWAR Deployment of web application archive [C:\Workshop_03052023\10_tomcat\apache-tomcat-9.0.74\apache-tomcat-9.0.74\webapps\maxapp.war] has finished in [221] ms
03-May-2023 16:17:02.338 INFORMATION [Catalina-utility-2] org.apache.catalina.startup.HostConfig.undeploy Undeploying context [/maxapp]
03-May-2023 16:17:12.516 INFORMATION [Catalina-utility-1] org.apache.catalina.startup.HostConfig.deployWAR Deploying web application archive [C:\Workshop_03052023\10_tomcat\apache-tomcat-9.0.74\apache-tomcat-9.0.74\webapps\maxapp.war]
03-May-2023 16:17:12.635 INFORMATION [Catalina-utility-1] org.apache.catalina.startup.HostConfig.deployWAR Deployment of web application archive [C:\Workshop_03052023\10_tomcat\apache-tomcat-9.0.74\apache-tomcat-9.0.74\webapps\maxapp.war] has finished in [119] ms
03-May-2023 16:22:53.765 INFORMATION [Catalina-utility-2] org.apache.catalina.startup.HostConfig.undeploy Undeploying context [/maxapp]
03-May-2023 16:23:03.969 INFORMATION [Catalina-utility-1] org.apache.catalina.startup.HostConfig.deployWAR Deploying web application archive [C:\Workshop_03052023\10_tomcat\apache-tomcat-9.0.74\apache-tomcat-9.0.74\webapps\maxapp.war]
03-May-2023 16:23:04.080 INFORMATION [Catalina-utility-1] org.apache.catalina.startup.HostConfig.deployWAR Deployment of web application archive [C:\Workshop_03052023\10_tomcat\apache-tomcat-9.0.74\apache-tomcat-9.0.74\webapps\maxapp.war] has finished in [111] ms
03-May-2023 16:24:24.211 INFORMATION [Catalina-utility-1] org.apache.catalina.startup.HostConfig.undeploy Undeploying context [/maxapp]
03-May-2023 16:24:24.404 INFORMATION [Catalina-utility-1] org.apache.catalina.startup.HostConfig.deployWAR Deploying web application archive [C:\Workshop_03052023\10_tomcat\apache-tomcat-9.0.74\apache-tomcat-9.0.74\webapps\maxapp.war]
03-May-2023 16:24:24.526 INFORMATION [Catalina-utility-1] org.apache.catalina.startup.HostConfig.deployWAR Deployment of web application archive [C:\Workshop_03052023\10_tomcat\apache-tomcat-9.0.74\apache-tomcat-9.0.74\webapps\maxapp.war] has finished in [122] ms
03-May-2023 16:39:26.600 INFORMATION [Catalina-utility-2] org.apache.catalina.startup.HostConfig.undeploy Undeploying context [/maxapp]
03-May-2023 16:39:36.817 INFORMATION [Catalina-utility-1] org.apache.catalina.startup.HostConfig.deployWAR Deploying web application archive [C:\Workshop_03052023\10_tomcat\apache-tomcat-9.0.74\apache-tomcat-9.0.74\webapps\maxapp.war]
03-May-2023 16:39:37.020 INFORMATION [Catalina-utility-1] org.apache.catalina.startup.HostConfig.deployWAR Deployment of web application archive [C:\Workshop_03052023\10_tomcat\apache-tomcat-9.0.74\apache-tomcat-9.0.74\webapps\maxapp.war] has finished in [203] ms
03-May-2023 16:58:38.262 INFORMATION [main] org.apache.catalina.core.StandardServer.await A valid shutdown command was received via the shutdown port. Stopping the Server instance.
03-May-2023 16:58:38.268 INFORMATION [main] org.apache.coyote.AbstractProtocol.pause Pausing ProtocolHandler ["http-nio-8080"]
03-May-2023 16:58:38.299 INFORMATION [main] org.apache.catalina.core.StandardService.stopInternal Stopping service [Catalina]
03-May-2023 16:58:38.340 INFORMATION [main] org.apache.coyote.AbstractProtocol.stop Stopping ProtocolHandler ["http-nio-8080"]
03-May-2023 16:58:38.367 INFORMATION [main] org.apache.coyote.AbstractProtocol.destroy Destroying ProtocolHandler ["http-nio-8080"]
